0 info it worked if it ends with ok
1 verbose cli [ 'C:\\Program Files (x86)\\nodejs\\node.exe',
1 verbose cli   'C:\\Program Files (x86)\\nodejs\\node_modules\\npm\\bin\\npm-cli.js',
1 verbose cli   'start' ]
2 info using npm@2.7.4
3 info using node@v4.0.0
4 verbose run-script [ 'prestart', 'start', 'poststart' ]
5 info prestart dashboard-sample@0.0.1
6 info start dashboard-sample@0.0.1
7 verbose unsafe-perm in lifecycle true
8 info dashboard-sample@0.0.1 Failed to exec start script
9 verbose stack Error: dashboard-sample@0.0.1 start: `npm serve .`
9 verbose stack Exit status 1
9 verbose stack     at EventEmitter.<anonymous> (C:\Program Files (x86)\nodejs\node_modules\npm\lib\utils\lifecycle.js:213:16)
9 verbose stack     at emitTwo (events.js:87:13)
9 verbose stack     at EventEmitter.emit (events.js:172:7)
9 verbose stack     at ChildProcess.<anonymous> (C:\Program Files (x86)\nodejs\node_modules\npm\lib\utils\spawn.js:14:12)
9 verbose stack     at emitTwo (events.js:87:13)
9 verbose stack     at ChildProcess.emit (events.js:172:7)
9 verbose stack     at maybeClose (internal/child_process.js:817:16)
9 verbose stack     at Process.ChildProcess._handle.onexit (internal/child_process.js:211:5)
10 verbose pkgid dashboard-sample@0.0.1
11 verbose cwd d:\Auth0\CustomConnectionDashboard
12 error Windows_NT 10.0.10547
13 error argv "C:\\Program Files (x86)\\nodejs\\node.exe" "C:\\Program Files (x86)\\nodejs\\node_modules\\npm\\bin\\npm-cli.js" "start"
14 error node v4.0.0
15 error npm  v2.7.4
16 error code ELIFECYCLE
17 error dashboard-sample@0.0.1 start: `npm serve .`
17 error Exit status 1
18 error Failed at the dashboard-sample@0.0.1 start script 'npm serve .'.
18 error This is most likely a problem with the dashboard-sample package,
18 error not with npm itself.
18 error Tell the author that this fails on your system:
18 error     npm serve .
18 error You can get their info via:
18 error     npm owner ls dashboard-sample
18 error There is likely additional logging output above.
19 verbose exit [ 1, true ]
